AndroidWear/WearableNotifications-Sample/Application/build/outputs/logs/manifest-merger-debug-report.txt
-- Merging decision tree log ---
manifest
ADDED from src/main/AndroidManifest.xml:17:1-52:12
	package
		ADDED from src/main/AndroidManifest.xml:18:9-69
	xmlns:android
		ADDED from src/main/AndroidManifest.xml:17:11-69
uses-sdk
ADDED from src/main/AndroidManifest.xml:20:5-21:47
MERGED from [com.android.support:support-v4:23.3.0] AndroidManifest.xml:20:5-43
MERGED from [com.android.support:support-v13:23.3.0] AndroidManifest.xml:20:5-44
MERGED from [com.android.support:support-v4:23.3.0] AndroidManifest.xml:20:5-43
MERGED from [com.android.support:cardview-v7:23.3.0] AndroidManifest.xml:20:5-43
MERGED from [com.google.android.gms:play-services-wearable:8.4.0] AndroidManifest.xml:18:5-42
MERGED from [com.google.android.gms:play-services-base:8.4.0] AndroidManifest.xml:18:5-42
MERGED from [com.google.android.gms:play-services-basement:8.4.0] AndroidManifest.xml:18:5-42
MERGED from [com.android.support:support-v4:23.3.0] AndroidManifest.xml:20:5-43
	android:targetSdkVersion
		ADDED from src/main/AndroidManifest.xml:21:15-44
		INJECTED from src/main/AndroidManifest.xml
		INJECTED from src/main/AndroidManifest.xml
	android:minSdkVersion
		ADDED from src/main/AndroidManifest.xml:20:15-41
		INJECTED from src/main/AndroidManifest.xml
		INJECTED from src/main/AndroidManifest.xml
uses-permission#android.permission.VIBRATE
ADDED from src/main/AndroidManifest.xml:23:5-66
	android:name
		ADDED from src/main/AndroidManifest.xml:23:22-63
application
ADDED from src/main/AndroidManifest.xml:25:5-50:19
MERGED from [com.android.support:support-v4:23.3.0] AndroidManifest.xml:22:5-20
MERGED from [com.android.support:support-v13:23.3.0] AndroidManifest.xml:22:5-20
MERGED from [com.android.support:support-v4:23.3.0] AndroidManifest.xml:22:5-20
MERGED from [com.android.support:cardview-v7:23.3.0] AndroidManifest.xml:22:5-20
MERGED from [com.google.android.gms:play-services-wearable:8.4.0] AndroidManifest.xml:19:5-20
MERGED from [com.google.android.gms:play-services-basement:8.4.0] AndroidManifest.xml:20:5-24:19
MERGED from [com.android.support:support-v4:23.3.0] AndroidManifest.xml:22:5-20
	android:label
		ADDED from src/main/AndroidManifest.xml:28:13-45
	android:allowBackup
		ADDED from src/main/AndroidManifest.xml:26:13-39
	android:icon
		ADDED from src/main/AndroidManifest.xml:27:13-47
	android:theme
		ADDED from src/main/AndroidManifest.xml:29:13-44
activity#com.example.android.support.wearable.notifications.MainActivity
ADDED from src/main/AndroidManifest.xml:31:9-39:20
	android:label
		ADDED from src/main/AndroidManifest.xml:33:17-49
	android:windowSoftInputMode
		ADDED from src/main/AndroidManifest.xml:34:17-58
	android:name
		ADDED from src/main/AndroidManifest.xml:32:17-45
intent-filter#android.intent.action.MAIN+android.intent.category.LAUNCHER
ADDED from src/main/AndroidManifest.xml:35:13-38:29
action#android.intent.action.MAIN
ADDED from src/main/AndroidManifest.xml:36:17-69
	android:name
		ADDED from src/main/AndroidManifest.xml:36:25-66
category#android.intent.category.LAUNCHER
ADDED from src/main/AndroidManifest.xml:37:17-77
	android:name
		ADDED from src/main/AndroidManifest.xml:37:27-74
receiver#com.example.android.support.wearable.notifications.NotificationIntentReceiver
ADDED from src/main/AndroidManifest.xml:41:9-48:20
	android:exported
		ADDED from src/main/AndroidManifest.xml:42:17-41
	android:name
		ADDED from src/main/AndroidManifest.xml:41:19-61
intent-filter#com.example.android.support.wearable.notifications.ACTION_DISABLE_MESSAGES+com.example.android.support.wearable.notifications.ACTION_ENABLE_MESSAGES+com.example.android.support.wearable.notifications.ACTION_EXAMPLE
ADDED from src/main/AndroidManifest.xml:43:13-47:29
action#com.example.android.support.wearable.notifications.ACTION_EXAMPLE
ADDED from src/main/AndroidManifest.xml:44:17-108
	android:name
		ADDED from src/main/AndroidManifest.xml:44:25-105
action#com.example.android.support.wearable.notifications.ACTION_ENABLE_MESSAGES
ADDED from src/main/AndroidManifest.xml:45:17-116
	android:name
		ADDED from src/main/AndroidManifest.xml:45:25-113
action#com.example.android.support.wearable.notifications.ACTION_DISABLE_MESSAGES
ADDED from src/main/AndroidManifest.xml:46:17-117
	android:name
		ADDED from src/main/AndroidManifest.xml:46:25-114
meta-data#com.google.android.gms.version
ADDED from [com.google.android.gms:play-services-basement:8.4.0] AndroidManifest.xml:21:9-23:69
	android:value
		ADDED from [com.google.android.gms:play-services-basement:8.4.0] AndroidManifest.xml:23:13-66
	android:name
		ADDED from [com.google.android.gms:play-services-basement:8.4.0] AndroidManifest.xml:22:13-58